  render3d.cpp
e:\code_code\c++\渲染器\q_render3d\q_render3d\rendermath.h(4): warning C4305: “初始化”: 从“double”到“float”截断
e:\code_code\c++\渲染器\q_render3d\q_render3d\rendermath.h(20): warning C4244: “return”: 从“double”转换到“float”，可能丢失数据
e:\code_code\c++\渲染器\q_render3d\q_render3d\rendermath.h(80): warning C4244: “return”: 从“double”转换到“float”，可能丢失数据
e:\code_code\c++\渲染器\q_render3d\q_render3d\types.h(45): warning C4244: “=”: 从“float”转换到“unsigned int”，可能丢失数据
e:\code_code\c++\渲染器\q_render3d\q_render3d\render3d.cpp(57): warning C4838: 从“int”转换到“DWORD”需要收缩转换
e:\code_code\c++\渲染器\q_render3d\q_render3d\render3d.cpp(162): warning C4305: “参数”: 从“double”到“float”截断
  IRenderPipelineDevice.cpp
e:\code_code\c++\渲染器\q_render3d\q_render3d\rendermath.h(4): warning C4305: “初始化”: 从“double”到“float”截断
e:\code_code\c++\渲染器\q_render3d\q_render3d\rendermath.h(20): warning C4244: “return”: 从“double”转换到“float”，可能丢失数据
e:\code_code\c++\渲染器\q_render3d\q_render3d\rendermath.h(80): warning C4244: “return”: 从“double”转换到“float”，可能丢失数据
e:\code_code\c++\渲染器\q_render3d\q_render3d\types.h(45): warning C4244: “=”: 从“float”转换到“unsigned int”，可能丢失数据
e:\code_code\c++\渲染器\q_render3d\q_render3d\irenderpipelinedevice.cpp(93): warning C4244: “参数”: 从“float”转换到“unsigned int”，可能丢失数据
e:\code_code\c++\渲染器\q_render3d\q_render3d\irenderpipelinedevice.cpp(95): warning C4244: “参数”: 从“float”转换到“unsigned int”，可能丢失数据
e:\code_code\c++\渲染器\q_render3d\q_render3d\irenderpipelinedevice.cpp(168): warning C4244: “初始化”: 从“double”转换到“float”，可能丢失数据
e:\code_code\c++\渲染器\q_render3d\q_render3d\irenderpipelinedevice.cpp(214): warning C4244: “初始化”: 从“float”转换到“int”，可能丢失数据
e:\code_code\c++\渲染器\q_render3d\q_render3d\irenderpipelinedevice.cpp(224): warning C4018: “<”: 有符号/无符号不匹配
e:\code_code\c++\渲染器\q_render3d\q_render3d\irenderpipelinedevice.cpp(241): warning C4244: “=”: 从“double”转换到“float”，可能丢失数据
e:\code_code\c++\渲染器\q_render3d\q_render3d\irenderpipelinedevice.cpp(256): warning C4244: “初始化”: 从“double”转换到“float”，可能丢失数据
e:\code_code\c++\渲染器\q_render3d\q_render3d\irenderpipelinedevice.cpp(359): warning C4244: “参数”: 从“double”转换到“float”，可能丢失数据
e:\code_code\c++\渲染器\q_render3d\q_render3d\irenderpipelinedevice.cpp(368): warning C4244: “初始化”: 从“float”转换到“int”，可能丢失数据
e:\code_code\c++\渲染器\q_render3d\q_render3d\irenderpipelinedevice.cpp(374): warning C4244: “参数”: 从“float”转换到“unsigned int”，可能丢失数据
e:\code_code\c++\渲染器\q_render3d\q_render3d\irenderpipelinedevice.cpp(377): warning C4244: “参数”: 从“float”转换到“unsigned int”，可能丢失数据
  正在生成代码...
  q_render3D.vcxproj -> E:\Code_Code\c++\渲染器\q_render3D\Debug\q_render3D.exe
